<?xml version="1.0" encoding="UTF-8"?>
<!-- Generated by org.testng.reporters.JUnitReportReporter -->
<testsuite hostname="vivek" failures="0" tests="2" name="inheritence.Ps1" time="0.018" errors="0" timestamp="2023-10-16T20:26:08 IST" skipped="0">
  <testcase classname="inheritence.Ps1" name="testrun" time="0.001"/>
  <testcase classname="inheritence.Ps1" name="constructor" time="0.017"/>
</testsuite> <!-- inheritence.Ps1 -->
